Oct 17, 2024 10:33:19 AM utils.BaseUtilities.BaseUtils logStep
INFO: Scenario: Veriy if user able to views the users informarion by clicking on the veiw button for the particular learner user
Oct 17, 2024 10:33:19 AM utils.BaseUtilities.BaseUtils logStep
INFO: the user is on the login page
Oct 17, 2024 10:33:19 AM utils.BaseUtilities.BaseUtils logStep
INFO: the user enters the username 
Oct 17, 2024 10:33:20 AM utils.BaseUtilities.BaseUtils logStep
INFO: Username field is displayed on the login page -- assertTrue(true)
Oct 17, 2024 10:33:20 AM utils.BaseUtilities.BaseUtils logStep
INFO: the user enters the password
Oct 17, 2024 10:33:20 AM utils.BaseUtilities.BaseUtils logStep
INFO: Password field is displayed on the login page -- assertTrue(true)
Oct 17, 2024 10:33:21 AM utils.BaseUtilities.BaseUtils logStep
INFO: the user clicks on the login button
Oct 17, 2024 10:33:21 AM utils.BaseUtilities.BaseUtils logStep
INFO: Login Button is displayed on the login page -- assertTrue(true)
Oct 17, 2024 10:33:21 AM utils.BaseUtilities.BaseUtils logStep
INFO: the user selects academic year
Oct 17, 2024 10:33:23 AM utils.BaseUtilities.BaseUtils logStep
INFO: User selects State
Oct 17, 2024 10:33:23 AM utils.BaseUtilities.BaseUtils logStep
INFO: the user clicks on the continue button
Oct 17, 2024 10:33:23 AM utils.BaseUtilities.BaseUtils logStep
INFO: Continue Button is displayed on the home page -- assertTrue(true)
Oct 17, 2024 10:33:23 AM utils.BaseUtilities.BaseUtils logStep
INFO: User clicks on the Learners button
Oct 17, 2024 10:33:24 AM utils.BaseUtilities.BaseUtils logStep
INFO: User clicks on the View Button for the first user
Oct 17, 2024 10:33:34 AM utils.BaseUtilities.BaseUtils logStep
INFO: View button is displayed on the table -- assertTrue(true)
Oct 17, 2024 10:33:34 AM utils.BaseUtilities.BaseUtils logStep
INFO: the system Display profile infornation
Oct 17, 2024 10:33:36 AM utils.BaseUtilities.BaseUtils logStep
INFO: Pritam22582Enrolled
Oct 17, 2024 10:33:36 AM utils.BaseUtilities.BaseUtils logStep
INFO: ASSERTION: Learners name on the benificiary page is same as on the learners table -- assertEquals(Pritam  <---> Pritam)
Oct 17, 2024 10:33:36 AM utils.BaseUtilities.BaseUtils logStep
INFO: Assertion Failed: Learners name on the benificiary page is not same as on the learners table expected [Pritam] but found [Pritam ]
