Oct 17, 2024 10:33:42 AM utils.BaseUtilities.BaseUtils logStep
INFO: Scenario: when user clicks on the Preraks button the system should display the Preraks information
Oct 17, 2024 10:33:42 AM utils.BaseUtilities.BaseUtils logStep
INFO: the user is on the login page
Oct 17, 2024 10:33:42 AM utils.BaseUtilities.BaseUtils logStep
INFO: the user enters the username 
Oct 17, 2024 10:33:43 AM utils.BaseUtilities.BaseUtils logStep
INFO: Username field is displayed on the login page -- assertTrue(true)
Oct 17, 2024 10:33:44 AM utils.BaseUtilities.BaseUtils logStep
INFO: the user enters the password
Oct 17, 2024 10:33:44 AM utils.BaseUtilities.BaseUtils logStep
INFO: Password field is displayed on the login page -- assertTrue(true)
Oct 17, 2024 10:33:44 AM utils.BaseUtilities.BaseUtils logStep
INFO: the user clicks on the login button
Oct 17, 2024 10:33:44 AM utils.BaseUtilities.BaseUtils logStep
INFO: Login Button is displayed on the login page -- assertTrue(true)
Oct 17, 2024 10:33:44 AM utils.BaseUtilities.BaseUtils logStep
INFO: the user selects academic year
Oct 17, 2024 10:33:46 AM utils.BaseUtilities.BaseUtils logStep
INFO: User selects State
Oct 17, 2024 10:33:47 AM utils.BaseUtilities.BaseUtils logStep
INFO: the user clicks on the continue button
Oct 17, 2024 10:33:47 AM utils.BaseUtilities.BaseUtils logStep
INFO: Continue Button is displayed on the home page -- assertTrue(true)
Oct 17, 2024 10:33:47 AM utils.BaseUtilities.BaseUtils logStep
INFO: the user clicks on the Preraks button
Oct 17, 2024 10:33:47 AM utils.BaseUtilities.BaseUtils logStep
INFO: Prerak button is displayed to the user -- assertTrue(true)
Oct 17, 2024 10:33:47 AM utils.BaseUtilities.BaseUtils logStep
INFO: The system should display the Preraks page
Oct 17, 2024 10:33:48 AM utils.BaseUtilities.BaseUtils logStep
INFO: Preraks Page is displayed to the user -- assertTrue(true)
