Oct 17, 2024 11:53:45 AM utils.BaseUtilities.BaseUtils logStep
INFO: Scenario: When user clicks on the Learners button, systmes should display the learners table to the user
Oct 17, 2024 11:53:45 AM utils.BaseUtilities.BaseUtils logStep
INFO: the user is on the login page
Oct 17, 2024 11:53:45 AM utils.BaseUtilities.BaseUtils logStep
INFO: the user enters the username tekdi_admin
Oct 17, 2024 11:53:46 AM utils.BaseUtilities.BaseUtils logStep
INFO: Username field is displayed on the login page -- assertTrue(true)
Oct 17, 2024 11:53:47 AM utils.BaseUtilities.BaseUtils logStep
INFO: the user enters the password 4he!KY3#cIPE
Oct 17, 2024 11:53:47 AM utils.BaseUtilities.BaseUtils logStep
INFO: Password field is displayed on the login page -- assertTrue(true)
Oct 17, 2024 11:53:47 AM utils.BaseUtilities.BaseUtils logStep
INFO: the user clicks on the login button
Oct 17, 2024 11:53:47 AM utils.BaseUtilities.BaseUtils logStep
INFO: Login Button is displayed on the login page -- assertTrue(true)
Oct 17, 2024 11:53:47 AM utils.BaseUtilities.BaseUtils logStep
INFO: the user selects April24-Oct-25(Bihar) as academic year
Oct 17, 2024 11:53:49 AM utils.BaseUtilities.BaseUtils logStep
INFO: User select BIHAR as State
Oct 17, 2024 11:53:50 AM utils.BaseUtilities.BaseUtils logStep
INFO: the user clicks on the continue button
Oct 17, 2024 11:53:50 AM utils.BaseUtilities.BaseUtils logStep
INFO: Continue Button is displayed on the home page -- assertTrue(true)
Oct 17, 2024 11:53:50 AM utils.BaseUtilities.BaseUtils logStep
INFO: User clicks on the Learners button
Oct 17, 2024 11:53:50 AM utils.BaseUtilities.BaseUtils logStep
INFO: System should display the learner users table to the user
Oct 17, 2024 11:53:52 AM utils.BaseUtilities.BaseUtils logStep
INFO: Learners table is displayed to the user -- assertTrue(true)
