Oct 17, 2024 11:56:04 AM utils.BaseUtilities.BaseUtils logStep
INFO: Scenario: when user clicks on the Preraks button the system should display the Preraks information
Oct 17, 2024 11:56:04 AM utils.BaseUtilities.BaseUtils logStep
INFO: the user is on the login page
Oct 17, 2024 11:56:04 AM utils.BaseUtilities.BaseUtils logStep
INFO: the user enters the username tekdi_admin
Oct 17, 2024 11:56:05 AM utils.BaseUtilities.BaseUtils logStep
INFO: Username field is displayed on the login page -- assertTrue(true)
Oct 17, 2024 11:56:05 AM utils.BaseUtilities.BaseUtils logStep
INFO: the user enters the password 4he!KY3#cIPE
Oct 17, 2024 11:56:05 AM utils.BaseUtilities.BaseUtils logStep
INFO: Password field is displayed on the login page -- assertTrue(true)
Oct 17, 2024 11:56:06 AM utils.BaseUtilities.BaseUtils logStep
INFO: the user clicks on the login button
Oct 17, 2024 11:56:06 AM utils.BaseUtilities.BaseUtils logStep
INFO: Login Button is displayed on the login page -- assertTrue(true)
Oct 17, 2024 11:56:06 AM utils.BaseUtilities.BaseUtils logStep
INFO: the user selects April24-Oct-25(Bihar) as academic year
Oct 17, 2024 11:56:08 AM utils.BaseUtilities.BaseUtils logStep
INFO: User select BIHAR as State
Oct 17, 2024 11:56:08 AM utils.BaseUtilities.BaseUtils logStep
INFO: the user clicks on the continue button
Oct 17, 2024 11:56:08 AM utils.BaseUtilities.BaseUtils logStep
INFO: Continue Button is displayed on the home page -- assertTrue(true)
Oct 17, 2024 11:56:09 AM utils.BaseUtilities.BaseUtils logStep
INFO: The user clicks on the Preraks button
Oct 17, 2024 11:56:09 AM utils.BaseUtilities.BaseUtils logStep
INFO: The system should display the Preraks page
